<?xml version="1.0" encoding="UTF-8"?>
<!-- Generated by org.testng.reporters.JUnitXMLReporter -->
<testsuite hostname="matharu" ignored="0" name="Test" tests="2" failures="1" timestamp="06 Aug 2019 14:19:26 GMT" time="1.671" errors="0">
  <testcase name="click" time="1.037" classname="StepDefinition.dataDrivenLoginStepDef"/>
  <testcase name="user_entersdata" time="0.0" classname="StepDefinition.dataDrivenLoginStepDef">
    <failure type="org.testng.TestNGException" message="
Cannot inject @Test annotated Method [user_entersdata] with [class java.lang.String, class java.lang.String].
For more information on native dependency injection please refer to http://testng.org/doc/documentation-main.html#native-dependency-injection">
      <![CDATA[org.testng.TestNGException: 
Cannot inject @Test annotated Method [user_entersdata] with [class java.lang.String, class java.lang.String].
For more information on native dependency injection please refer to http://testng.org/doc/documentation-main.html#native-dependency-injection
... Removed 27 stack frames]]>
    </failure>
  </testcase> <!-- user_entersdata -->
</testsuite> <!-- Test -->
